<?xml version="1.0" encoding="UTF-8"?>
<!-- Generated by org.testng.reporters.JUnitReportReporter -->
<testsuite hostname="ASDP1510_PO01976" name="com.qait.hris.TestHomePage" tests="1" failures="0" timestamp="25 Jul 2019 11:10:18 GMT" time="17.010" errors="0">
  <testcase name="verifyTitle" time="17.010" classname="com.qait.hris.TestHomePage"/>
</testsuite> <!-- com.qait.hris.TestHomePage -->
